{"/Users/shubham/Documents/ameet/health-track/modules/patient/dao/models/patient.model.js": {"path":"/Users/shubham/Documents/ameet/health-track/modules/patient/dao/models/patient.model.js","statementMap":{"0":{"start":{"line":1,"column":15},"end":{"line":1,"column":34}},"1":{"start":{"line":3,"column":20},"end":{"line":3,"column":56}},"2":{"start":{"line":4,"column":0},"end":{"line":4,"column":58}}},"fnMap":{},"branchMap":{},"s":{"0":1,"1":1,"2":1},"f":{},"b":{},"_coverageSchema":"1a1c01bbd47fc00a2c39e90264f33305004495a9","hash":"2de1fd49d18c5748f5eefa064b79b4182367bf06"}
,"/Users/shubham/Documents/ameet/health-track/modules/patient/dao/schemas/patient.schema.js": {"path":"/Users/shubham/Documents/ameet/health-track/modules/patient/dao/schemas/patient.schema.js","statementMap":{"0":{"start":{"line":1,"column":17},"end":{"line":1,"column":36}},"1":{"start":{"line":3,"column":22},"end":{"line":36,"column":2}},"2":{"start":{"line":38,"column":0},"end":{"line":38,"column":31}}},"fnMap":{},"branchMap":{},"s":{"0":1,"1":1,"2":1},"f":{},"b":{},"_coverageSchema":"1a1c01bbd47fc00a2c39e90264f33305004495a9","hash":"f295943d28998d1f32178321c8d310fcaa5a7136"}
,"/Users/shubham/Documents/ameet/health-track/modules/patient/service/patient.serivce.js": {"path":"/Users/shubham/Documents/ameet/health-track/modules/patient/service/patient.serivce.js","statementMap":{"0":{"start":{"line":9,"column":0},"end":{"line":9,"column":32}}},"fnMap":{"0":{"name":"(anonymous_0)","decl":{"start":{"line":2,"column":2},"end":{"line":2,"column":3}},"loc":{"start":{"line":2,"column":35},"end":{"line":2,"column":37}},"line":2},"1":{"name":"(anonymous_1)","decl":{"start":{"line":3,"column":2},"end":{"line":3,"column":3}},"loc":{"start":{"line":3,"column":34},"end":{"line":3,"column":36}},"line":3},"2":{"name":"(anonymous_2)","decl":{"start":{"line":4,"column":2},"end":{"line":4,"column":3}},"loc":{"start":{"line":4,"column":46},"end":{"line":4,"column":48}},"line":4},"3":{"name":"(anonymous_3)","decl":{"start":{"line":5,"column":2},"end":{"line":5,"column":3}},"loc":{"start":{"line":5,"column":33},"end":{"line":5,"column":35}},"line":5},"4":{"name":"(anonymous_4)","decl":{"start":{"line":6,"column":2},"end":{"line":6,"column":3}},"loc":{"start":{"line":6,"column":30},"end":{"line":6,"column":32}},"line":6}},"branchMap":{},"s":{"0":1},"f":{"0":0,"1":0,"2":0,"3":0,"4":0},"b":{},"_coverageSchema":"1a1c01bbd47fc00a2c39e90264f33305004495a9","hash":"fa9e02d7c649759541ea6f2d645ce3e34d4017ad"}
,"/Users/shubham/Documents/ameet/health-track/modules/patient/service/impl/patient.serviceImpl.js": {"path":"/Users/shubham/Documents/ameet/health-track/modules/patient/service/impl/patient.serviceImpl.js","statementMap":{"0":{"start":{"line":1,"column":16},"end":{"line":1,"column":57}},"1":{"start":{"line":2,"column":23},"end":{"line":2,"column":52}},"2":{"start":{"line":6,"column":4},"end":{"line":11,"column":5}},"3":{"start":{"line":7,"column":22},"end":{"line":7,"column":55}},"4":{"start":{"line":8,"column":6},"end":{"line":8,"column":21}},"5":{"start":{"line":10,"column":6},"end":{"line":10,"column":49}},"6":{"start":{"line":15,"column":4},"end":{"line":20,"column":5}},"7":{"start":{"line":16,"column":22},"end":{"line":16,"column":55}},"8":{"start":{"line":17,"column":6},"end":{"line":17,"column":21}},"9":{"start":{"line":19,"column":6},"end":{"line":19,"column":48}},"10":{"start":{"line":24,"column":4},"end":{"line":31,"column":5}},"11":{"start":{"line":25,"column":22},"end":{"line":27,"column":8}},"12":{"start":{"line":28,"column":6},"end":{"line":28,"column":21}},"13":{"start":{"line":30,"column":6},"end":{"line":30,"column":51}},"14":{"start":{"line":35,"column":4},"end":{"line":40,"column":5}},"15":{"start":{"line":36,"column":22},"end":{"line":36,"column":64}},"16":{"start":{"line":37,"column":6},"end":{"line":37,"column":21}},"17":{"start":{"line":39,"column":6},"end":{"line":39,"column":48}},"18":{"start":{"line":44,"column":4},"end":{"line":49,"column":5}},"19":{"start":{"line":45,"column":23},"end":{"line":45,"column":48}},"20":{"start":{"line":46,"column":6},"end":{"line":46,"column":22}},"21":{"start":{"line":48,"column":6},"end":{"line":48,"column":49}},"22":{"start":{"line":53,"column":0},"end":{"line":53,"column":36}}},"fnMap":{"0":{"name":"(anonymous_0)","decl":{"start":{"line":5,"column":2},"end":{"line":5,"column":3}},"loc":{"start":{"line":5,"column":35},"end":{"line":12,"column":3}},"line":5},"1":{"name":"(anonymous_1)","decl":{"start":{"line":14,"column":2},"end":{"line":14,"column":3}},"loc":{"start":{"line":14,"column":34},"end":{"line":21,"column":3}},"line":14},"2":{"name":"(anonymous_2)","decl":{"start":{"line":23,"column":2},"end":{"line":23,"column":3}},"loc":{"start":{"line":23,"column":46},"end":{"line":32,"column":3}},"line":23},"3":{"name":"(anonymous_3)","decl":{"start":{"line":34,"column":2},"end":{"line":34,"column":3}},"loc":{"start":{"line":34,"column":33},"end":{"line":41,"column":3}},"line":34},"4":{"name":"(anonymous_4)","decl":{"start":{"line":43,"column":2},"end":{"line":43,"column":3}},"loc":{"start":{"line":43,"column":30},"end":{"line":50,"column":3}},"line":43}},"branchMap":{},"s":{"0":1,"1":1,"2":2,"3":2,"4":1,"5":1,"6":2,"7":2,"8":1,"9":1,"10":2,"11":2,"12":1,"13":1,"14":2,"15":2,"16":1,"17":1,"18":2,"19":2,"20":1,"21":1,"22":1},"f":{"0":2,"1":2,"2":2,"3":2,"4":2},"b":{},"_coverageSchema":"1a1c01bbd47fc00a2c39e90264f33305004495a9","hash":"cc5e24d856bef7fa2cfd36ba31e8ebbaceb003b3"}
}
