TN:
SF:modules/patient/dao/models/patient.model.js
FNF:0
FNH:0
DA:1,1
DA:3,1
DA:4,1
LF:3
LH:3
BRF:0
BRH:0
end_of_record
TN:
SF:modules/patient/dao/schemas/patient.schema.js
FNF:0
FNH:0
DA:1,1
DA:3,1
DA:38,1
LF:3
LH:3
BRF:0
BRH:0
end_of_record
TN:
SF:modules/patient/service/patient.serivce.js
FN:2,(anonymous_0)
FN:3,(anonymous_1)
FN:4,(anonymous_2)
FN:5,(anonymous_3)
FN:6,(anonymous_4)
FNF:5
FNH:0
FNDA:0,(anonymous_0)
FNDA:0,(anonymous_1)
FNDA:0,(anonymous_2)
FNDA:0,(anonymous_3)
FNDA:0,(anonymous_4)
DA:9,1
LF:1
LH:1
BRF:0
BRH:0
end_of_record
TN:
SF:modules/patient/service/impl/patient.serviceImpl.js
FN:5,(anonymous_0)
FN:14,(anonymous_1)
FN:23,(anonymous_2)
FN:34,(anonymous_3)
FN:43,(anonymous_4)
FNF:5
FNH:5
FNDA:2,(anonymous_0)
FNDA:2,(anonymous_1)
FNDA:2,(anonymous_2)
FNDA:2,(anonymous_3)
FNDA:2,(anonymous_4)
DA:1,1
DA:2,1
DA:6,2
DA:7,2
DA:8,1
DA:10,1
DA:15,2
DA:16,2
DA:17,1
DA:19,1
DA:24,2
DA:25,2
DA:28,1
DA:30,1
DA:35,2
DA:36,2
DA:37,1
DA:39,1
DA:44,2
DA:45,2
DA:46,1
DA:48,1
DA:53,1
LF:23
LH:23
BRF:0
BRH:0
end_of_record
